<?xml version="1.0" encoding="UTF-8"?>
<!-- Generated by org.testng.reporters.JUnitReportReporter -->
<testsuite skipped="0" hostname="CPU232" name="Scripts.CreateAdmin_Script" tests="4" failures="0" timestamp="23 Sep 2019 06:00:32 GMT" time="139.843" errors="0">
  <testcase name="roleMngnt" time="5.207" classname="Scripts.CreateAdmin_Script"/>
  <testcase name="crteAdmin" time="27.190" classname="Scripts.CreateAdmin_Script"/>
  <testcase name="crteAdmin" time="27.054" classname="Scripts.CreateAdmin_Script"/>
  <testcase name="crteAdmin" time="80.392" classname="Scripts.CreateAdmin_Script"/>
</testsuite> <!-- Scripts.CreateAdmin_Script -->
