<?xml version="1.0" encoding="UTF-8"?>
<!-- Generated by org.testng.reporters.JUnitReportReporter -->
<testsuite skipped="0" hostname="CPU232" name="Scripts.LoginCAAdmin_Script" tests="5" failures="0" timestamp="23 Sep 2019 06:00:32 GMT" time="4.560" errors="0">
  <testcase name="Login" time="0.000" classname="Scripts.LoginCAAdmin_Script"/>
  <testcase name="Login" time="4.513" classname="Scripts.LoginCAAdmin_Script"/>
  <testcase name="Login" time="0.000" classname="Scripts.LoginCAAdmin_Script"/>
  <testcase name="Login" time="0.047" classname="Scripts.LoginCAAdmin_Script"/>
  <testcase name="Login" time="0.000" classname="Scripts.LoginCAAdmin_Script"/>
</testsuite> <!-- Scripts.LoginCAAdmin_Script -->
