<?xml version="1.0" encoding="UTF-8"?>
<!-- Generated by org.testng.reporters.JUnitReportReporter -->
<testsuite skipped="29" hostname="CPU232" name="Scripts.OfcrCACertEnroll_Script" tests="29" failures="0" timestamp="17 Sep 2019 09:16:11 GMT" time="0.000" errors="0">
  <testcase name="caCertMangmt" time="0.000" classname="Scripts.OfcrCACertEnroll_Script">
    <skipped/>
  </testcase> <!-- caCertMangmt -->
  <testcase name="errMsgCheck" time="0.000" classname="Scripts.OfcrCACertEnroll_Script">
    <skipped/>
  </testcase> <!-- errMsgCheck -->
  <testcase name="errMsgCheck" time="0.000" classname="Scripts.OfcrCACertEnroll_Script">
    <skipped/>
  </testcase> <!-- errMsgCheck -->
  <testcase name="errMsgCheck" time="0.000" classname="Scripts.OfcrCACertEnroll_Script">
    <skipped/>
  </testcase> <!-- errMsgCheck -->
  <testcase name="errMsgCheck" time="0.000" classname="Scripts.OfcrCACertEnroll_Script">
    <skipped/>
  </testcase> <!-- errMsgCheck -->
  <testcase name="errMsgCheck" time="0.000" classname="Scripts.OfcrCACertEnroll_Script">
    <skipped/>
  </testcase> <!-- errMsgCheck -->
  <testcase name="errMsgCheck" time="0.000" classname="Scripts.OfcrCACertEnroll_Script">
    <skipped/>
  </testcase> <!-- errMsgCheck -->
  <testcase name="errMsgCheck" time="0.000" classname="Scripts.OfcrCACertEnroll_Script">
    <skipped/>
  </testcase> <!-- errMsgCheck -->
  <testcase name="errMsgCheck" time="0.000" classname="Scripts.OfcrCACertEnroll_Script">
    <skipped/>
  </testcase> <!-- errMsgCheck -->
  <testcase name="errMsgCheck" time="0.000" classname="Scripts.OfcrCACertEnroll_Script">
    <skipped/>
  </testcase> <!-- errMsgCheck -->
  <testcase name="errMsgCheck" time="0.000" classname="Scripts.OfcrCACertEnroll_Script">
    <skipped/>
  </testcase> <!-- errMsgCheck -->
  <testcase name="errMsgCheck" time="0.000" classname="Scripts.OfcrCACertEnroll_Script">
    <skipped/>
  </testcase> <!-- errMsgCheck -->
  <testcase name="errMsgCheck" time="0.000" classname="Scripts.OfcrCACertEnroll_Script">
    <skipped/>
  </testcase> <!-- errMsgCheck -->
  <testcase name="errMsgCheck" time="0.000" classname="Scripts.OfcrCACertEnroll_Script">
    <skipped/>
  </testcase> <!-- errMsgCheck -->
  <testcase name="errMsgCheck" time="0.000" classname="Scripts.OfcrCACertEnroll_Script">
    <skipped/>
  </testcase> <!-- errMsgCheck -->
  <testcase name="errMsgCheck" time="0.000" classname="Scripts.OfcrCACertEnroll_Script">
    <skipped/>
  </testcase> <!-- errMsgCheck -->
  <testcase name="errMsgCheck" time="0.000" classname="Scripts.OfcrCACertEnroll_Script">
    <skipped/>
  </testcase> <!-- errMsgCheck -->
  <testcase name="caEnroll" time="0.000" classname="Scripts.OfcrCACertEnroll_Script">
    <skipped/>
  </testcase> <!-- caEnroll -->
  <testcase name="caEnroll" time="0.000" classname="Scripts.OfcrCACertEnroll_Script">
    <skipped/>
  </testcase> <!-- caEnroll -->
  <testcase name="caEnroll" time="0.000" classname="Scripts.OfcrCACertEnroll_Script">
    <skipped/>
  </testcase> <!-- caEnroll -->
  <testcase name="caEnroll" time="0.000" classname="Scripts.OfcrCACertEnroll_Script">
    <skipped/>
  </testcase> <!-- caEnroll -->
  <testcase name="caCertSearch" time="0.000" classname="Scripts.OfcrCACertEnroll_Script">
    <skipped/>
  </testcase> <!-- caCertSearch -->
  <testcase name="caCertSearch" time="0.000" classname="Scripts.OfcrCACertEnroll_Script">
    <skipped/>
  </testcase> <!-- caCertSearch -->
  <testcase name="caCertSearch" time="0.000" classname="Scripts.OfcrCACertEnroll_Script">
    <skipped/>
  </testcase> <!-- caCertSearch -->
  <testcase name="caCertSearch" time="0.000" classname="Scripts.OfcrCACertEnroll_Script">
    <skipped/>
  </testcase> <!-- caCertSearch -->
  <testcase name="caSearch" time="0.000" classname="Scripts.OfcrCACertEnroll_Script">
    <skipped/>
  </testcase> <!-- caSearch -->
  <testcase name="caSearch" time="0.000" classname="Scripts.OfcrCACertEnroll_Script">
    <skipped/>
  </testcase> <!-- caSearch -->
  <testcase name="caSearch" time="0.000" classname="Scripts.OfcrCACertEnroll_Script">
    <skipped/>
  </testcase> <!-- caSearch -->
  <testcase name="caSearch" time="0.000" classname="Scripts.OfcrCACertEnroll_Script">
    <skipped/>
  </testcase> <!-- caSearch -->
</testsuite> <!-- Scripts.OfcrCACertEnroll_Script -->
