<?xml version="1.0" encoding="UTF-8"?>
<!-- Generated by org.testng.reporters.JUnitReportReporter -->
<testsuite skipped="27" hostname="CPU232" name="Scripts.OperatorBckupRemote_Script" tests="27" failures="0" timestamp="17 Sep 2019 09:16:11 GMT" time="0.000" errors="0">
  <testcase name="operatorTestConnectionCheck" time="0.000" classname="Scripts.OperatorBckupRemote_Script">
    <skipped/>
  </testcase> <!-- operatorTestConnectionCheck -->
  <testcase name="operatorTestConnectionCheck" time="0.000" classname="Scripts.OperatorBckupRemote_Script">
    <skipped/>
  </testcase> <!-- operatorTestConnectionCheck -->
  <testcase name="operatorTestConnectionCheck" time="0.000" classname="Scripts.OperatorBckupRemote_Script">
    <skipped/>
  </testcase> <!-- operatorTestConnectionCheck -->
  <testcase name="operatorTestConnectionCheck" time="0.000" classname="Scripts.OperatorBckupRemote_Script">
    <skipped/>
  </testcase> <!-- operatorTestConnectionCheck -->
  <testcase name="operatorTestConnectionCheck" time="0.000" classname="Scripts.OperatorBckupRemote_Script">
    <skipped/>
  </testcase> <!-- operatorTestConnectionCheck -->
  <testcase name="operatorTestConnectionCheck" time="0.000" classname="Scripts.OperatorBckupRemote_Script">
    <skipped/>
  </testcase> <!-- operatorTestConnectionCheck -->
  <testcase name="operatorTestConnectionCheck" time="0.000" classname="Scripts.OperatorBckupRemote_Script">
    <skipped/>
  </testcase> <!-- operatorTestConnectionCheck -->
  <testcase name="operatorTestConnectionCheck" time="0.000" classname="Scripts.OperatorBckupRemote_Script">
    <skipped/>
  </testcase> <!-- operatorTestConnectionCheck -->
  <testcase name="operatorTestConnectionCheck" time="0.000" classname="Scripts.OperatorBckupRemote_Script">
    <skipped/>
  </testcase> <!-- operatorTestConnectionCheck -->
  <testcase name="operatorBackupManual" time="0.000" classname="Scripts.OperatorBckupRemote_Script">
    <skipped/>
  </testcase> <!-- operatorBackupManual -->
  <testcase name="operatorBackupManual" time="0.000" classname="Scripts.OperatorBckupRemote_Script">
    <skipped/>
  </testcase> <!-- operatorBackupManual -->
  <testcase name="operatorBackupManual" time="0.000" classname="Scripts.OperatorBckupRemote_Script">
    <skipped/>
  </testcase> <!-- operatorBackupManual -->
  <testcase name="operatorBackupManual" time="0.000" classname="Scripts.OperatorBckupRemote_Script">
    <skipped/>
  </testcase> <!-- operatorBackupManual -->
  <testcase name="operatorBackupManual" time="0.000" classname="Scripts.OperatorBckupRemote_Script">
    <skipped/>
  </testcase> <!-- operatorBackupManual -->
  <testcase name="operatorBackupManual" time="0.000" classname="Scripts.OperatorBckupRemote_Script">
    <skipped/>
  </testcase> <!-- operatorBackupManual -->
  <testcase name="operatorBackupManual" time="0.000" classname="Scripts.OperatorBckupRemote_Script">
    <skipped/>
  </testcase> <!-- operatorBackupManual -->
  <testcase name="operatorBackupManual" time="0.000" classname="Scripts.OperatorBckupRemote_Script">
    <skipped/>
  </testcase> <!-- operatorBackupManual -->
  <testcase name="operatorBackupManual" time="0.000" classname="Scripts.OperatorBckupRemote_Script">
    <skipped/>
  </testcase> <!-- operatorBackupManual -->
  <testcase name="operatorBackupAutomtc" time="0.000" classname="Scripts.OperatorBckupRemote_Script">
    <skipped/>
  </testcase> <!-- operatorBackupAutomtc -->
  <testcase name="operatorBackupAutomtc" time="0.000" classname="Scripts.OperatorBckupRemote_Script">
    <skipped/>
  </testcase> <!-- operatorBackupAutomtc -->
  <testcase name="operatorBackupAutomtc" time="0.000" classname="Scripts.OperatorBckupRemote_Script">
    <skipped/>
  </testcase> <!-- operatorBackupAutomtc -->
  <testcase name="operatorBackupAutomtc" time="0.000" classname="Scripts.OperatorBckupRemote_Script">
    <skipped/>
  </testcase> <!-- operatorBackupAutomtc -->
  <testcase name="operatorBackupAutomtc" time="0.000" classname="Scripts.OperatorBckupRemote_Script">
    <skipped/>
  </testcase> <!-- operatorBackupAutomtc -->
  <testcase name="operatorBackupAutomtc" time="0.000" classname="Scripts.OperatorBckupRemote_Script">
    <skipped/>
  </testcase> <!-- operatorBackupAutomtc -->
  <testcase name="operatorBackupAutomtc" time="0.000" classname="Scripts.OperatorBckupRemote_Script">
    <skipped/>
  </testcase> <!-- operatorBackupAutomtc -->
  <testcase name="operatorBackupAutomtc" time="0.000" classname="Scripts.OperatorBckupRemote_Script">
    <skipped/>
  </testcase> <!-- operatorBackupAutomtc -->
  <testcase name="operatorBackupAutomtc" time="0.000" classname="Scripts.OperatorBckupRemote_Script">
    <skipped/>
  </testcase> <!-- operatorBackupAutomtc -->
</testsuite> <!-- Scripts.OperatorBckupRemote_Script -->
