<?xml version="1.0" encoding="UTF-8"?>
<!-- Generated by org.testng.reporters.JUnitReportReporter -->
<testsuite skipped="6" hostname="CPU232" name="Scripts.OperatorBackup_Script" tests="6" failures="0" timestamp="17 Sep 2019 09:16:11 GMT" time="0.000" errors="0">
  <testcase name="operatrAutomtcLocal" time="0.000" classname="Scripts.OperatorBackup_Script">
    <skipped/>
  </testcase> <!-- operatrAutomtcLocal -->
  <testcase name="operatrAutomtcLocal" time="0.000" classname="Scripts.OperatorBackup_Script">
    <skipped/>
  </testcase> <!-- operatrAutomtcLocal -->
  <testcase name="operatrAutomtcLocal" time="0.000" classname="Scripts.OperatorBackup_Script">
    <skipped/>
  </testcase> <!-- operatrAutomtcLocal -->
  <testcase name="operatrAutomtcLocal" time="0.000" classname="Scripts.OperatorBackup_Script">
    <skipped/>
  </testcase> <!-- operatrAutomtcLocal -->
  <testcase name="operatrAutomtcLocal" time="0.000" classname="Scripts.OperatorBackup_Script">
    <skipped/>
  </testcase> <!-- operatrAutomtcLocal -->
  <testcase name="operatrAutomtcLocal" time="0.000" classname="Scripts.OperatorBackup_Script">
    <skipped/>
  </testcase> <!-- operatrAutomtcLocal -->
</testsuite> <!-- Scripts.OperatorBackup_Script -->
