<?xml version="1.0" encoding="UTF-8"?>
<!-- Generated by org.testng.reporters.JUnitReportReporter -->
<testsuite skipped="7" hostname="CPU232" name="Scripts.AdmnKeyPrfle_Script" tests="7" failures="0" timestamp="17 Sep 2019 09:16:10 GMT" time="0.000" errors="0">
  <testcase name="keyProfile" time="0.000" classname="Scripts.AdmnKeyPrfle_Script">
    <skipped/>
  </testcase> <!-- keyProfile -->
  <testcase name="keyProfilehrdTkn" time="0.000" classname="Scripts.AdmnKeyPrfle_Script">
    <skipped/>
  </testcase> <!-- keyProfilehrdTkn -->
  <testcase name="keyProfilehrdTkn" time="0.000" classname="Scripts.AdmnKeyPrfle_Script">
    <skipped/>
  </testcase> <!-- keyProfilehrdTkn -->
  <testcase name="keyProfilehrdTkn" time="0.000" classname="Scripts.AdmnKeyPrfle_Script">
    <skipped/>
  </testcase> <!-- keyProfilehrdTkn -->
  <testcase name="keyProfilehrdTkn" time="0.000" classname="Scripts.AdmnKeyPrfle_Script">
    <skipped/>
  </testcase> <!-- keyProfilehrdTkn -->
  <testcase name="keyProfileHSM" time="0.000" classname="Scripts.AdmnKeyPrfle_Script">
    <skipped/>
  </testcase> <!-- keyProfileHSM -->
  <testcase name="keyProfileExprtExcel" time="0.000" classname="Scripts.AdmnKeyPrfle_Script">
    <skipped/>
  </testcase> <!-- keyProfileExprtExcel -->
</testsuite> <!-- Scripts.AdmnKeyPrfle_Script -->
