<?xml version="1.0" encoding="UTF-8"?>
<!-- Generated by org.testng.reporters.JUnitReportReporter -->
<testsuite skipped="1" hostname="CPU232" name="Scripts.OperatorProfile_Script" tests="1" failures="0" timestamp="17 Sep 2019 09:16:10 GMT" time="0.000" errors="0">
  <testcase name="OperatorPrfle" time="0.000" classname="Scripts.OperatorProfile_Script">
    <skipped/>
  </testcase> <!-- OperatorPrfle -->
</testsuite> <!-- Scripts.OperatorProfile_Script -->
