<?xml version="1.0" encoding="UTF-8"?>
<!-- Generated by org.testng.reporters.JUnitReportReporter -->
<testsuite skipped="2" hostname="CPU232" name="Scripts.CAAdminReports_Script" tests="2" failures="0" timestamp="17 Sep 2019 09:16:11 GMT" time="0.000" errors="0">
  <testcase name="auditorReports" time="0.000" classname="Scripts.CAAdminReports_Script">
    <skipped/>
  </testcase> <!-- auditorReports -->
  <testcase name="auditorLogs" time="0.000" classname="Scripts.CAAdminReports_Script">
    <skipped/>
  </testcase> <!-- auditorLogs -->
</testsuite> <!-- Scripts.CAAdminReports_Script -->
