<?xml version="1.0" encoding="UTF-8"?>
<!-- Generated by org.testng.reporters.JUnitReportReporter -->
<testsuite skipped="0" hostname="CPU232" name="Scripts.Login_Script" tests="4" failures="0" timestamp="23 Sep 2019 06:29:12 GMT" time="4.640" errors="0">
  <testcase name="Login" time="4.576" classname="Scripts.Login_Script"/>
  <testcase name="Login" time="0.006" classname="Scripts.Login_Script"/>
  <testcase name="Login" time="0.046" classname="Scripts.Login_Script"/>
  <testcase name="Login" time="0.012" classname="Scripts.Login_Script"/>
</testsuite> <!-- Scripts.Login_Script -->
