<?xml version="1.0" encoding="UTF-8"?>
<!-- Generated by org.testng.reporters.JUnitReportReporter -->
<testsuite skipped="7" hostname="CPU232" name="Scripts.OfficrDashBoard_Script" tests="7" failures="0" timestamp="17 Sep 2019 09:16:10 GMT" time="0.000" errors="0">
  <testcase name="OfficrActveCert" time="0.000" classname="Scripts.OfficrDashBoard_Script">
    <skipped/>
  </testcase> <!-- OfficrActveCert -->
  <testcase name="OfficrActveCertU" time="0.000" classname="Scripts.OfficrDashBoard_Script">
    <skipped/>
  </testcase> <!-- OfficrActveCertU -->
  <testcase name="OfficrRvkeCert" time="0.000" classname="Scripts.OfficrDashBoard_Script">
    <skipped/>
  </testcase> <!-- OfficrRvkeCert -->
  <testcase name="OfficrRvkeCertU" time="0.000" classname="Scripts.OfficrDashBoard_Script">
    <skipped/>
  </testcase> <!-- OfficrRvkeCertU -->
  <testcase name="OfficrExpireCert" time="0.000" classname="Scripts.OfficrDashBoard_Script">
    <skipped/>
  </testcase> <!-- OfficrExpireCert -->
  <testcase name="OfficrExpireCertU" time="0.000" classname="Scripts.OfficrDashBoard_Script">
    <skipped/>
  </testcase> <!-- OfficrExpireCertU -->
  <testcase name="OfficrCRl" time="0.000" classname="Scripts.OfficrDashBoard_Script">
    <skipped/>
  </testcase> <!-- OfficrCRl -->
</testsuite> <!-- Scripts.OfficrDashBoard_Script -->
