<?xml version="1.0" encoding="UTF-8"?>
<!-- Generated by org.testng.reporters.JUnitReportReporter -->
<testsuite skipped="14" hostname="CPU232" name="Scripts.AdmnCertifctPrfleOCSP_Script" tests="14" failures="0" timestamp="17 Sep 2019 09:16:10 GMT" time="0.000" errors="0">
  <testcase name="prfleManagment" time="0.000" classname="Scripts.AdmnCertifctPrfleOCSP_Script">
    <skipped/>
  </testcase> <!-- prfleManagment -->
  <testcase name="certificateProfileOCSP" time="0.000" classname="Scripts.AdmnCertifctPrfleOCSP_Script">
    <skipped/>
  </testcase> <!-- certificateProfileOCSP -->
  <testcase name="certificateProfileOCSP" time="0.000" classname="Scripts.AdmnCertifctPrfleOCSP_Script">
    <skipped/>
  </testcase> <!-- certificateProfileOCSP -->
  <testcase name="certificateProfileOCSP" time="0.000" classname="Scripts.AdmnCertifctPrfleOCSP_Script">
    <skipped/>
  </testcase> <!-- certificateProfileOCSP -->
  <testcase name="certificateProfileOCSP" time="0.000" classname="Scripts.AdmnCertifctPrfleOCSP_Script">
    <skipped/>
  </testcase> <!-- certificateProfileOCSP -->
  <testcase name="certificateProfileOCSP" time="0.000" classname="Scripts.AdmnCertifctPrfleOCSP_Script">
    <skipped/>
  </testcase> <!-- certificateProfileOCSP -->
  <testcase name="certificateProfileOCSP" time="0.000" classname="Scripts.AdmnCertifctPrfleOCSP_Script">
    <skipped/>
  </testcase> <!-- certificateProfileOCSP -->
  <testcase name="certificateProfileOCSP" time="0.000" classname="Scripts.AdmnCertifctPrfleOCSP_Script">
    <skipped/>
  </testcase> <!-- certificateProfileOCSP -->
  <testcase name="certificateProfileOCSP" time="0.000" classname="Scripts.AdmnCertifctPrfleOCSP_Script">
    <skipped/>
  </testcase> <!-- certificateProfileOCSP -->
  <testcase name="certificateProfileOCSP" time="0.000" classname="Scripts.AdmnCertifctPrfleOCSP_Script">
    <skipped/>
  </testcase> <!-- certificateProfileOCSP -->
  <testcase name="certificateProfileOCSP" time="0.000" classname="Scripts.AdmnCertifctPrfleOCSP_Script">
    <skipped/>
  </testcase> <!-- certificateProfileOCSP -->
  <testcase name="certificateProfileOCSP" time="0.000" classname="Scripts.AdmnCertifctPrfleOCSP_Script">
    <skipped/>
  </testcase> <!-- certificateProfileOCSP -->
  <testcase name="certificateProfileOCSP" time="0.000" classname="Scripts.AdmnCertifctPrfleOCSP_Script">
    <skipped/>
  </testcase> <!-- certificateProfileOCSP -->
  <testcase name="exprtToExl" time="0.000" classname="Scripts.AdmnCertifctPrfleOCSP_Script">
    <skipped/>
  </testcase> <!-- exprtToExl -->
</testsuite> <!-- Scripts.AdmnCertifctPrfleOCSP_Script -->
