<?xml version="1.0" encoding="UTF-8"?>
<!-- Generated by org.testng.reporters.JUnitReportReporter -->
<testsuite skipped="8" hostname="CPU232" name="Scripts.OfcrUserCertEnroll_Script" tests="8" failures="0" timestamp="17 Sep 2019 09:16:11 GMT" time="0.000" errors="0">
  <testcase name="caCertMangmt" time="0.000" classname="Scripts.OfcrUserCertEnroll_Script">
    <skipped/>
  </testcase> <!-- caCertMangmt -->
  <testcase name="crlManagment" time="0.000" classname="Scripts.OfcrUserCertEnroll_Script">
    <skipped/>
  </testcase> <!-- crlManagment -->
  <testcase name="actvecrlManagment" time="0.000" classname="Scripts.OfcrUserCertEnroll_Script">
    <skipped/>
  </testcase> <!-- actvecrlManagment -->
  <testcase name="actvecrlManagment" time="0.000" classname="Scripts.OfcrUserCertEnroll_Script">
    <skipped/>
  </testcase> <!-- actvecrlManagment -->
  <testcase name="actvecrlManagment" time="0.000" classname="Scripts.OfcrUserCertEnroll_Script">
    <skipped/>
  </testcase> <!-- actvecrlManagment -->
  <testcase name="actvecrlManagment" time="0.000" classname="Scripts.OfcrUserCertEnroll_Script">
    <skipped/>
  </testcase> <!-- actvecrlManagment -->
  <testcase name="userCertRevoke" time="0.000" classname="Scripts.OfcrUserCertEnroll_Script">
    <skipped/>
  </testcase> <!-- userCertRevoke -->
  <testcase name="userCertRevoke" time="0.000" classname="Scripts.OfcrUserCertEnroll_Script">
    <skipped/>
  </testcase> <!-- userCertRevoke -->
</testsuite> <!-- Scripts.OfcrUserCertEnroll_Script -->
