<?xml version="1.0" encoding="UTF-8"?>
<!-- Generated by org.testng.reporters.JUnitReportReporter -->
<testsuite skipped="7" hostname="CPU232" name="Scripts.AuditorDashBoard_Script" tests="7" failures="0" timestamp="17 Sep 2019 09:16:11 GMT" time="0.000" errors="0">
  <testcase name="AuditrActveCert" time="0.000" classname="Scripts.AuditorDashBoard_Script">
    <skipped/>
  </testcase> <!-- AuditrActveCert -->
  <testcase name="AuditrActveCertU" time="0.000" classname="Scripts.AuditorDashBoard_Script">
    <skipped/>
  </testcase> <!-- AuditrActveCertU -->
  <testcase name="AuditrRvkeCert" time="0.000" classname="Scripts.AuditorDashBoard_Script">
    <skipped/>
  </testcase> <!-- AuditrRvkeCert -->
  <testcase name="AuditrRvkeCertU" time="0.000" classname="Scripts.AuditorDashBoard_Script">
    <skipped/>
  </testcase> <!-- AuditrRvkeCertU -->
  <testcase name="AuditrExpireCert" time="0.000" classname="Scripts.AuditorDashBoard_Script">
    <skipped/>
  </testcase> <!-- AuditrExpireCert -->
  <testcase name="AuditrExpireCertU" time="0.000" classname="Scripts.AuditorDashBoard_Script">
    <skipped/>
  </testcase> <!-- AuditrExpireCertU -->
  <testcase name="AuditrCRl" time="0.000" classname="Scripts.AuditorDashBoard_Script">
    <skipped/>
  </testcase> <!-- AuditrCRl -->
</testsuite> <!-- Scripts.AuditorDashBoard_Script -->
