<?xml version="1.0" encoding="UTF-8"?>
<!-- Generated by org.testng.reporters.JUnitReportReporter -->
<testsuite skipped="5" hostname="CPU232" name="Scripts.OfcrCACertEnrollCA_Script" tests="5" failures="0" timestamp="17 Sep 2019 09:16:10 GMT" time="0.000" errors="0">
  <testcase name="caCertMangmt" time="0.000" classname="Scripts.OfcrCACertEnrollCA_Script">
    <skipped/>
  </testcase> <!-- caCertMangmt -->
  <testcase name="caEnrollCACert" time="0.000" classname="Scripts.OfcrCACertEnrollCA_Script">
    <skipped/>
  </testcase> <!-- caEnrollCACert -->
  <testcase name="caEnrollCACert" time="0.000" classname="Scripts.OfcrCACertEnrollCA_Script">
    <skipped/>
  </testcase> <!-- caEnrollCACert -->
  <testcase name="caEnrollCACert" time="0.000" classname="Scripts.OfcrCACertEnrollCA_Script">
    <skipped/>
  </testcase> <!-- caEnrollCACert -->
  <testcase name="caEnrollCACert" time="0.000" classname="Scripts.OfcrCACertEnrollCA_Script">
    <skipped/>
  </testcase> <!-- caEnrollCACert -->
</testsuite> <!-- Scripts.OfcrCACertEnrollCA_Script -->
