<?xml version="1.0" encoding="UTF-8"?>
<!-- Generated by org.testng.reporters.JUnitReportReporter -->
<testsuite skipped="0" hostname="CPU232" name="Scripts.CaAdministratorProfile_Script" tests="1" failures="0" timestamp="20 Sep 2019 11:00:18 GMT" time="11.252" errors="0">
  <testcase name="caadmnPrfle" time="11.252" classname="Scripts.CaAdministratorProfile_Script"/>
</testsuite> <!-- Scripts.CaAdministratorProfile_Script -->
