<?xml version="1.0" encoding="UTF-8"?>
<!-- Generated by org.testng.reporters.JUnitReportReporter -->
<testsuite skipped="7" hostname="CPU232" name="Scripts.CAAdminDashBoard_Script" tests="7" failures="0" timestamp="17 Sep 2019 09:16:11 GMT" time="0.001" errors="0">
  <testcase name="caadminActveCert" time="0.000" classname="Scripts.CAAdminDashBoard_Script">
    <skipped/>
  </testcase> <!-- caadminActveCert -->
  <testcase name="caadminActveCertU" time="0.001" classname="Scripts.CAAdminDashBoard_Script">
    <skipped/>
  </testcase> <!-- caadminActveCertU -->
  <testcase name="caadminRvkeCert" time="0.000" classname="Scripts.CAAdminDashBoard_Script">
    <skipped/>
  </testcase> <!-- caadminRvkeCert -->
  <testcase name="caadminRvkeCertU" time="0.000" classname="Scripts.CAAdminDashBoard_Script">
    <skipped/>
  </testcase> <!-- caadminRvkeCertU -->
  <testcase name="caadminExpireCert" time="0.000" classname="Scripts.CAAdminDashBoard_Script">
    <skipped/>
  </testcase> <!-- caadminExpireCert -->
  <testcase name="caadminExpireCertU" time="0.000" classname="Scripts.CAAdminDashBoard_Script">
    <skipped/>
  </testcase> <!-- caadminExpireCertU -->
  <testcase name="caadminCRl" time="0.000" classname="Scripts.CAAdminDashBoard_Script">
    <skipped/>
  </testcase> <!-- caadminCRl -->
</testsuite> <!-- Scripts.CAAdminDashBoard_Script -->
