<?xml version="1.0" encoding="UTF-8"?>
<!-- Generated by org.testng.reporters.JUnitReportReporter -->
<testsuite skipped="42" hostname="CPU232" name="Scripts.OfcrOCSPMangnt_Script" tests="42" failures="0" timestamp="17 Sep 2019 09:16:11 GMT" time="0.000" errors="0">
  <testcase name="OSCPMangment" time="0.000" classname="Scripts.OfcrOCSPMangnt_Script">
    <skipped/>
  </testcase> <!-- OSCPMangment -->
  <testcase name="NewOSCPMangment" time="0.000" classname="Scripts.OfcrOCSPMangnt_Script">
    <skipped/>
  </testcase> <!-- NewOSCPMangment -->
  <testcase name="NewOSCPMangment" time="0.000" classname="Scripts.OfcrOCSPMangnt_Script">
    <skipped/>
  </testcase> <!-- NewOSCPMangment -->
  <testcase name="NewOSCPMangment" time="0.000" classname="Scripts.OfcrOCSPMangnt_Script">
    <skipped/>
  </testcase> <!-- NewOSCPMangment -->
  <testcase name="NewOSCPMangment" time="0.000" classname="Scripts.OfcrOCSPMangnt_Script">
    <skipped/>
  </testcase> <!-- NewOSCPMangment -->
  <testcase name="NewOSCPMangment" time="0.000" classname="Scripts.OfcrOCSPMangnt_Script">
    <skipped/>
  </testcase> <!-- NewOSCPMangment -->
  <testcase name="NewOSCPMangment" time="0.000" classname="Scripts.OfcrOCSPMangnt_Script">
    <skipped/>
  </testcase> <!-- NewOSCPMangment -->
  <testcase name="NewOSCPMangment" time="0.000" classname="Scripts.OfcrOCSPMangnt_Script">
    <skipped/>
  </testcase> <!-- NewOSCPMangment -->
  <testcase name="NewOSCPMangment" time="0.000" classname="Scripts.OfcrOCSPMangnt_Script">
    <skipped/>
  </testcase> <!-- NewOSCPMangment -->
  <testcase name="NewOSCPMangment" time="0.000" classname="Scripts.OfcrOCSPMangnt_Script">
    <skipped/>
  </testcase> <!-- NewOSCPMangment -->
  <testcase name="NewOSCPMangment" time="0.000" classname="Scripts.OfcrOCSPMangnt_Script">
    <skipped/>
  </testcase> <!-- NewOSCPMangment -->
  <testcase name="NewOSCPMangment" time="0.000" classname="Scripts.OfcrOCSPMangnt_Script">
    <skipped/>
  </testcase> <!-- NewOSCPMangment -->
  <testcase name="NewOSCPMangment" time="0.000" classname="Scripts.OfcrOCSPMangnt_Script">
    <skipped/>
  </testcase> <!-- NewOSCPMangment -->
  <testcase name="NewOSCPMangment" time="0.000" classname="Scripts.OfcrOCSPMangnt_Script">
    <skipped/>
  </testcase> <!-- NewOSCPMangment -->
  <testcase name="NewOSCPMangment" time="0.000" classname="Scripts.OfcrOCSPMangnt_Script">
    <skipped/>
  </testcase> <!-- NewOSCPMangment -->
  <testcase name="NewOSCPMangment" time="0.000" classname="Scripts.OfcrOCSPMangnt_Script">
    <skipped/>
  </testcase> <!-- NewOSCPMangment -->
  <testcase name="NewOSCPMangment" time="0.000" classname="Scripts.OfcrOCSPMangnt_Script">
    <skipped/>
  </testcase> <!-- NewOSCPMangment -->
  <testcase name="manageOscp" time="0.000" classname="Scripts.OfcrOCSPMangnt_Script">
    <skipped/>
  </testcase> <!-- manageOscp -->
  <testcase name="manageOscp" time="0.000" classname="Scripts.OfcrOCSPMangnt_Script">
    <skipped/>
  </testcase> <!-- manageOscp -->
  <testcase name="manageOscp" time="0.000" classname="Scripts.OfcrOCSPMangnt_Script">
    <skipped/>
  </testcase> <!-- manageOscp -->
  <testcase name="manageOscp" time="0.000" classname="Scripts.OfcrOCSPMangnt_Script">
    <skipped/>
  </testcase> <!-- manageOscp -->
  <testcase name="manageOscp" time="0.000" classname="Scripts.OfcrOCSPMangnt_Script">
    <skipped/>
  </testcase> <!-- manageOscp -->
  <testcase name="manageOscp" time="0.000" classname="Scripts.OfcrOCSPMangnt_Script">
    <skipped/>
  </testcase> <!-- manageOscp -->
  <testcase name="manageOscp" time="0.000" classname="Scripts.OfcrOCSPMangnt_Script">
    <skipped/>
  </testcase> <!-- manageOscp -->
  <testcase name="manageOscp" time="0.000" classname="Scripts.OfcrOCSPMangnt_Script">
    <skipped/>
  </testcase> <!-- manageOscp -->
  <testcase name="searchOscp" time="0.000" classname="Scripts.OfcrOCSPMangnt_Script">
    <skipped/>
  </testcase> <!-- searchOscp -->
  <testcase name="searchOscp" time="0.000" classname="Scripts.OfcrOCSPMangnt_Script">
    <skipped/>
  </testcase> <!-- searchOscp -->
  <testcase name="searchOscp" time="0.000" classname="Scripts.OfcrOCSPMangnt_Script">
    <skipped/>
  </testcase> <!-- searchOscp -->
  <testcase name="searchOscp" time="0.000" classname="Scripts.OfcrOCSPMangnt_Script">
    <skipped/>
  </testcase> <!-- searchOscp -->
  <testcase name="searchOscp" time="0.000" classname="Scripts.OfcrOCSPMangnt_Script">
    <skipped/>
  </testcase> <!-- searchOscp -->
  <testcase name="searchOscp" time="0.000" classname="Scripts.OfcrOCSPMangnt_Script">
    <skipped/>
  </testcase> <!-- searchOscp -->
  <testcase name="searchOscp" time="0.000" classname="Scripts.OfcrOCSPMangnt_Script">
    <skipped/>
  </testcase> <!-- searchOscp -->
  <testcase name="searchOscp" time="0.000" classname="Scripts.OfcrOCSPMangnt_Script">
    <skipped/>
  </testcase> <!-- searchOscp -->
  <testcase name="configreOscp" time="0.000" classname="Scripts.OfcrOCSPMangnt_Script">
    <skipped/>
  </testcase> <!-- configreOscp -->
  <testcase name="configreOscp" time="0.000" classname="Scripts.OfcrOCSPMangnt_Script">
    <skipped/>
  </testcase> <!-- configreOscp -->
  <testcase name="configreOscp" time="0.000" classname="Scripts.OfcrOCSPMangnt_Script">
    <skipped/>
  </testcase> <!-- configreOscp -->
  <testcase name="configreOscp" time="0.000" classname="Scripts.OfcrOCSPMangnt_Script">
    <skipped/>
  </testcase> <!-- configreOscp -->
  <testcase name="configreOscp" time="0.000" classname="Scripts.OfcrOCSPMangnt_Script">
    <skipped/>
  </testcase> <!-- configreOscp -->
  <testcase name="configreOscp" time="0.000" classname="Scripts.OfcrOCSPMangnt_Script">
    <skipped/>
  </testcase> <!-- configreOscp -->
  <testcase name="configreOscp" time="0.000" classname="Scripts.OfcrOCSPMangnt_Script">
    <skipped/>
  </testcase> <!-- configreOscp -->
  <testcase name="configreOscp" time="0.000" classname="Scripts.OfcrOCSPMangnt_Script">
    <skipped/>
  </testcase> <!-- configreOscp -->
  <testcase name="OCSPExprtExcl" time="0.000" classname="Scripts.OfcrOCSPMangnt_Script">
    <skipped/>
  </testcase> <!-- OCSPExprtExcl -->
</testsuite> <!-- Scripts.OfcrOCSPMangnt_Script -->
