<?xml version="1.0" encoding="UTF-8"?>
<!-- Generated by org.testng.reporters.JUnitReportReporter -->
<testsuite skipped="7" hostname="CPU232" name="Scripts.OperatorDashBoard_Script" tests="7" failures="0" timestamp="17 Sep 2019 09:16:11 GMT" time="0.000" errors="0">
  <testcase name="operatrActveCert" time="0.000" classname="Scripts.OperatorDashBoard_Script">
    <skipped/>
  </testcase> <!-- operatrActveCert -->
  <testcase name="operatrActveCertU" time="0.000" classname="Scripts.OperatorDashBoard_Script">
    <skipped/>
  </testcase> <!-- operatrActveCertU -->
  <testcase name="operatrRvkeCert" time="0.000" classname="Scripts.OperatorDashBoard_Script">
    <skipped/>
  </testcase> <!-- operatrRvkeCert -->
  <testcase name="operatrRvkeCertU" time="0.000" classname="Scripts.OperatorDashBoard_Script">
    <skipped/>
  </testcase> <!-- operatrRvkeCertU -->
  <testcase name="operatrExpireCert" time="0.000" classname="Scripts.OperatorDashBoard_Script">
    <skipped/>
  </testcase> <!-- operatrExpireCert -->
  <testcase name="operatrExpireCertU" time="0.000" classname="Scripts.OperatorDashBoard_Script">
    <skipped/>
  </testcase> <!-- operatrExpireCertU -->
  <testcase name="operatrCRl" time="0.000" classname="Scripts.OperatorDashBoard_Script">
    <skipped/>
  </testcase> <!-- operatrCRl -->
</testsuite> <!-- Scripts.OperatorDashBoard_Script -->
