<?xml version="1.0" encoding="UTF-8"?>
<!-- Generated by org.testng.reporters.JUnitReportReporter -->
<testsuite skipped="2" hostname="CPU232" name="Scripts.OfcrManageCRL_Script" tests="2" failures="0" timestamp="17 Sep 2019 09:16:10 GMT" time="0.000" errors="0">
  <testcase name="caCertMangmt" time="0.000" classname="Scripts.OfcrManageCRL_Script">
    <skipped/>
  </testcase> <!-- caCertMangmt -->
  <testcase name="searchCRLCheck" time="0.000" classname="Scripts.OfcrManageCRL_Script">
    <skipped/>
  </testcase> <!-- searchCRLCheck -->
</testsuite> <!-- Scripts.OfcrManageCRL_Script -->
