<?xml version="1.0" encoding="UTF-8"?>
<!-- Generated by org.testng.reporters.JUnitReportReporter -->
<testsuite skipped="0" hostname="CPU232" name="Scripts.AdminProfile_Script" tests="3" failures="0" timestamp="20 Sep 2019 08:49:02 GMT" time="22.049" errors="0">
  <testcase name="admnPrfle" time="9.162" classname="Scripts.AdminProfile_Script"/>
  <testcase name="admnOpenAll" time="6.249" classname="Scripts.AdminProfile_Script"/>
  <testcase name="admnLogoCheck" time="6.638" classname="Scripts.AdminProfile_Script"/>
</testsuite> <!-- Scripts.AdminProfile_Script -->
