<?xml version="1.0" encoding="UTF-8"?>
<!-- Generated by org.testng.reporters.JUnitReportReporter -->
<testsuite skipped="0" hostname="CPU232" name="Scripts.LoginCaAdministrator_Script" tests="5" failures="0" timestamp="20 Sep 2019 11:00:18 GMT" time="17.820" errors="0">
  <testcase name="Login" time="4.914" classname="Scripts.LoginCaAdministrator_Script"/>
  <testcase name="Login" time="5.055" classname="Scripts.LoginCaAdministrator_Script"/>
  <testcase name="Login" time="4.267" classname="Scripts.LoginCaAdministrator_Script"/>
  <testcase name="Login" time="0.468" classname="Scripts.LoginCaAdministrator_Script"/>
  <testcase name="Login" time="3.116" classname="Scripts.LoginCaAdministrator_Script"/>
</testsuite> <!-- Scripts.LoginCaAdministrator_Script -->
