<?xml version="1.0" encoding="UTF-8"?>
<!-- Generated by org.testng.reporters.JUnitReportReporter -->
<testsuite skipped="13" hostname="CPU232" name="Scripts.AdmnCertifctPrfle_Script" tests="13" failures="0" timestamp="17 Sep 2019 09:16:10 GMT" time="0.000" errors="0">
  <testcase name="prfleManagment" time="0.000" classname="Scripts.AdmnCertifctPrfle_Script">
    <skipped/>
  </testcase> <!-- prfleManagment -->
  <testcase name="certificateProfile" time="0.000" classname="Scripts.AdmnCertifctPrfle_Script">
    <skipped/>
  </testcase> <!-- certificateProfile -->
  <testcase name="certificateProfile" time="0.000" classname="Scripts.AdmnCertifctPrfle_Script">
    <skipped/>
  </testcase> <!-- certificateProfile -->
  <testcase name="certificateProfile" time="0.000" classname="Scripts.AdmnCertifctPrfle_Script">
    <skipped/>
  </testcase> <!-- certificateProfile -->
  <testcase name="certificateProfile" time="0.000" classname="Scripts.AdmnCertifctPrfle_Script">
    <skipped/>
  </testcase> <!-- certificateProfile -->
  <testcase name="certificateProfile" time="0.000" classname="Scripts.AdmnCertifctPrfle_Script">
    <skipped/>
  </testcase> <!-- certificateProfile -->
  <testcase name="certificateProfile" time="0.000" classname="Scripts.AdmnCertifctPrfle_Script">
    <skipped/>
  </testcase> <!-- certificateProfile -->
  <testcase name="certificateProfile" time="0.000" classname="Scripts.AdmnCertifctPrfle_Script">
    <skipped/>
  </testcase> <!-- certificateProfile -->
  <testcase name="certificateProfile" time="0.000" classname="Scripts.AdmnCertifctPrfle_Script">
    <skipped/>
  </testcase> <!-- certificateProfile -->
  <testcase name="certificateProfile" time="0.000" classname="Scripts.AdmnCertifctPrfle_Script">
    <skipped/>
  </testcase> <!-- certificateProfile -->
  <testcase name="certificateProfile" time="0.000" classname="Scripts.AdmnCertifctPrfle_Script">
    <skipped/>
  </testcase> <!-- certificateProfile -->
  <testcase name="certificateProfile" time="0.000" classname="Scripts.AdmnCertifctPrfle_Script">
    <skipped/>
  </testcase> <!-- certificateProfile -->
  <testcase name="certificateProfile" time="0.000" classname="Scripts.AdmnCertifctPrfle_Script">
    <skipped/>
  </testcase> <!-- certificateProfile -->
</testsuite> <!-- Scripts.AdmnCertifctPrfle_Script -->
