<?xml version="1.0" encoding="UTF-8"?>
<!-- Generated by org.testng.reporters.JUnitReportReporter -->
<testsuite skipped="13" hostname="CPU232" name="Scripts.AdmnCertifctPrfleCA_Script" tests="13" failures="0" timestamp="17 Sep 2019 09:16:11 GMT" time="0.000" errors="0">
  <testcase name="prfleManagment" time="0.000" classname="Scripts.AdmnCertifctPrfleCA_Script">
    <skipped/>
  </testcase> <!-- prfleManagment -->
  <testcase name="certificateProfileCA" time="0.000" classname="Scripts.AdmnCertifctPrfleCA_Script">
    <skipped/>
  </testcase> <!-- certificateProfileCA -->
  <testcase name="certificateProfileCA" time="0.000" classname="Scripts.AdmnCertifctPrfleCA_Script">
    <skipped/>
  </testcase> <!-- certificateProfileCA -->
  <testcase name="certificateProfileCA" time="0.000" classname="Scripts.AdmnCertifctPrfleCA_Script">
    <skipped/>
  </testcase> <!-- certificateProfileCA -->
  <testcase name="certificateProfileCA" time="0.000" classname="Scripts.AdmnCertifctPrfleCA_Script">
    <skipped/>
  </testcase> <!-- certificateProfileCA -->
  <testcase name="certificateProfileCA" time="0.000" classname="Scripts.AdmnCertifctPrfleCA_Script">
    <skipped/>
  </testcase> <!-- certificateProfileCA -->
  <testcase name="certificateProfileCA" time="0.000" classname="Scripts.AdmnCertifctPrfleCA_Script">
    <skipped/>
  </testcase> <!-- certificateProfileCA -->
  <testcase name="certificateProfileCA" time="0.000" classname="Scripts.AdmnCertifctPrfleCA_Script">
    <skipped/>
  </testcase> <!-- certificateProfileCA -->
  <testcase name="certificateProfileCA" time="0.000" classname="Scripts.AdmnCertifctPrfleCA_Script">
    <skipped/>
  </testcase> <!-- certificateProfileCA -->
  <testcase name="certificateProfileCA" time="0.000" classname="Scripts.AdmnCertifctPrfleCA_Script">
    <skipped/>
  </testcase> <!-- certificateProfileCA -->
  <testcase name="certificateProfileCA" time="0.000" classname="Scripts.AdmnCertifctPrfleCA_Script">
    <skipped/>
  </testcase> <!-- certificateProfileCA -->
  <testcase name="certificateProfileCA" time="0.000" classname="Scripts.AdmnCertifctPrfleCA_Script">
    <skipped/>
  </testcase> <!-- certificateProfileCA -->
  <testcase name="certificateProfileCA" time="0.000" classname="Scripts.AdmnCertifctPrfleCA_Script">
    <skipped/>
  </testcase> <!-- certificateProfileCA -->
</testsuite> <!-- Scripts.AdmnCertifctPrfleCA_Script -->
