<?xml version="1.0" encoding="UTF-8"?>
<!-- Generated by org.testng.reporters.JUnitReportReporter -->
<testsuite skipped="12" hostname="CPU232" name="Scripts.AdmnReports_Script" tests="12" failures="0" timestamp="17 Sep 2019 09:16:10 GMT" time="0.000" errors="0">
  <testcase name="admnReport" time="0.000" classname="Scripts.AdmnReports_Script">
    <skipped/>
  </testcase> <!-- admnReport -->
  <testcase name="admnCRLReport" time="0.000" classname="Scripts.AdmnReports_Script">
    <skipped/>
  </testcase> <!-- admnCRLReport -->
  <testcase name="admnCertStat" time="0.000" classname="Scripts.AdmnReports_Script">
    <skipped/>
  </testcase> <!-- admnCertStat -->
  <testcase name="activeCertificates" time="0.000" classname="Scripts.AdmnReports_Script">
    <skipped/>
  </testcase> <!-- activeCertificates -->
  <testcase name="activeCertificates" time="0.000" classname="Scripts.AdmnReports_Script">
    <skipped/>
  </testcase> <!-- activeCertificates -->
  <testcase name="activeCertificates" time="0.000" classname="Scripts.AdmnReports_Script">
    <skipped/>
  </testcase> <!-- activeCertificates -->
  <testcase name="revokeCertificates" time="0.000" classname="Scripts.AdmnReports_Script">
    <skipped/>
  </testcase> <!-- revokeCertificates -->
  <testcase name="revokeCertificates" time="0.000" classname="Scripts.AdmnReports_Script">
    <skipped/>
  </testcase> <!-- revokeCertificates -->
  <testcase name="revokeCertificates" time="0.000" classname="Scripts.AdmnReports_Script">
    <skipped/>
  </testcase> <!-- revokeCertificates -->
  <testcase name="expiredCertificates" time="0.000" classname="Scripts.AdmnReports_Script">
    <skipped/>
  </testcase> <!-- expiredCertificates -->
  <testcase name="expiredCertificates" time="0.000" classname="Scripts.AdmnReports_Script">
    <skipped/>
  </testcase> <!-- expiredCertificates -->
  <testcase name="expiredCertificates" time="0.000" classname="Scripts.AdmnReports_Script">
    <skipped/>
  </testcase> <!-- expiredCertificates -->
</testsuite> <!-- Scripts.AdmnReports_Script -->
