<?xml version="1.0" encoding="UTF-8"?>
<!-- Generated by org.testng.reporters.JUnitReportReporter -->
<testsuite skipped="0" hostname="CPU232" name="Scripts.Logout_Script" tests="1" failures="0" timestamp="23 Sep 2019 06:29:12 GMT" time="2.669" errors="0">
  <testcase name="Logout" time="2.669" classname="Scripts.Logout_Script"/>
</testsuite> <!-- Scripts.Logout_Script -->
