<?xml version="1.0" encoding="UTF-8"?>
<!-- Generated by org.testng.reporters.JUnitReportReporter -->
<testsuite skipped="17" hostname="CPU232" name="Scripts.OfcrKeyRecovery_Script" tests="17" failures="0" timestamp="17 Sep 2019 09:16:10 GMT" time="0.000" errors="0">
  <testcase name="keyMangmt" time="0.000" classname="Scripts.OfcrKeyRecovery_Script">
    <skipped/>
  </testcase> <!-- keyMangmt -->
  <testcase name="keyRecovery" time="0.000" classname="Scripts.OfcrKeyRecovery_Script">
    <skipped/>
  </testcase> <!-- keyRecovery -->
  <testcase name="keyRecovery" time="0.000" classname="Scripts.OfcrKeyRecovery_Script">
    <skipped/>
  </testcase> <!-- keyRecovery -->
  <testcase name="keyRecovery" time="0.000" classname="Scripts.OfcrKeyRecovery_Script">
    <skipped/>
  </testcase> <!-- keyRecovery -->
  <testcase name="keyRecovery" time="0.000" classname="Scripts.OfcrKeyRecovery_Script">
    <skipped/>
  </testcase> <!-- keyRecovery -->
  <testcase name="keyRecovery" time="0.000" classname="Scripts.OfcrKeyRecovery_Script">
    <skipped/>
  </testcase> <!-- keyRecovery -->
  <testcase name="keyRecovery" time="0.000" classname="Scripts.OfcrKeyRecovery_Script">
    <skipped/>
  </testcase> <!-- keyRecovery -->
  <testcase name="keyRecovery" time="0.000" classname="Scripts.OfcrKeyRecovery_Script">
    <skipped/>
  </testcase> <!-- keyRecovery -->
  <testcase name="keyRecovery" time="0.000" classname="Scripts.OfcrKeyRecovery_Script">
    <skipped/>
  </testcase> <!-- keyRecovery -->
  <testcase name="keyRecovery" time="0.000" classname="Scripts.OfcrKeyRecovery_Script">
    <skipped/>
  </testcase> <!-- keyRecovery -->
  <testcase name="keyRecovery" time="0.000" classname="Scripts.OfcrKeyRecovery_Script">
    <skipped/>
  </testcase> <!-- keyRecovery -->
  <testcase name="keyRecovery" time="0.000" classname="Scripts.OfcrKeyRecovery_Script">
    <skipped/>
  </testcase> <!-- keyRecovery -->
  <testcase name="keyRecovery" time="0.000" classname="Scripts.OfcrKeyRecovery_Script">
    <skipped/>
  </testcase> <!-- keyRecovery -->
  <testcase name="keyRecovery" time="0.000" classname="Scripts.OfcrKeyRecovery_Script">
    <skipped/>
  </testcase> <!-- keyRecovery -->
  <testcase name="keyRecovery" time="0.000" classname="Scripts.OfcrKeyRecovery_Script">
    <skipped/>
  </testcase> <!-- keyRecovery -->
  <testcase name="keyRecovery" time="0.000" classname="Scripts.OfcrKeyRecovery_Script">
    <skipped/>
  </testcase> <!-- keyRecovery -->
  <testcase name="keyRecovery" time="0.000" classname="Scripts.OfcrKeyRecovery_Script">
    <skipped/>
  </testcase> <!-- keyRecovery -->
</testsuite> <!-- Scripts.OfcrKeyRecovery_Script -->
