<?xml version="1.0" encoding="UTF-8"?>
<!-- Generated by org.testng.reporters.JUnitReportReporter -->
<testsuite skipped="21" hostname="CPU232" name="Scripts.UserNGroup_Script" tests="21" failures="0" timestamp="17 Sep 2019 09:16:11 GMT" time="0.000" errors="0">
  <testcase name="searchErr" time="0.000" classname="Scripts.UserNGroup_Script">
    <skipped/>
  </testcase> <!-- searchErr -->
  <testcase name="searchErr" time="0.000" classname="Scripts.UserNGroup_Script">
    <skipped/>
  </testcase> <!-- searchErr -->
  <testcase name="searchErr" time="0.000" classname="Scripts.UserNGroup_Script">
    <skipped/>
  </testcase> <!-- searchErr -->
  <testcase name="searchErr" time="0.000" classname="Scripts.UserNGroup_Script">
    <skipped/>
  </testcase> <!-- searchErr -->
  <testcase name="searchErr" time="0.000" classname="Scripts.UserNGroup_Script">
    <skipped/>
  </testcase> <!-- searchErr -->
  <testcase name="searchOfcr" time="0.000" classname="Scripts.UserNGroup_Script">
    <skipped/>
  </testcase> <!-- searchOfcr -->
  <testcase name="searchOfcr" time="0.000" classname="Scripts.UserNGroup_Script">
    <skipped/>
  </testcase> <!-- searchOfcr -->
  <testcase name="searchOfcr" time="0.000" classname="Scripts.UserNGroup_Script">
    <skipped/>
  </testcase> <!-- searchOfcr -->
  <testcase name="searchOfcr" time="0.000" classname="Scripts.UserNGroup_Script">
    <skipped/>
  </testcase> <!-- searchOfcr -->
  <testcase name="searchOfcr" time="0.000" classname="Scripts.UserNGroup_Script">
    <skipped/>
  </testcase> <!-- searchOfcr -->
  <testcase name="searchAuditr" time="0.000" classname="Scripts.UserNGroup_Script">
    <skipped/>
  </testcase> <!-- searchAuditr -->
  <testcase name="searchAuditr" time="0.000" classname="Scripts.UserNGroup_Script">
    <skipped/>
  </testcase> <!-- searchAuditr -->
  <testcase name="searchAuditr" time="0.000" classname="Scripts.UserNGroup_Script">
    <skipped/>
  </testcase> <!-- searchAuditr -->
  <testcase name="searchAuditr" time="0.000" classname="Scripts.UserNGroup_Script">
    <skipped/>
  </testcase> <!-- searchAuditr -->
  <testcase name="searchAuditr" time="0.000" classname="Scripts.UserNGroup_Script">
    <skipped/>
  </testcase> <!-- searchAuditr -->
  <testcase name="searchOperatr" time="0.000" classname="Scripts.UserNGroup_Script">
    <skipped/>
  </testcase> <!-- searchOperatr -->
  <testcase name="searchOperatr" time="0.000" classname="Scripts.UserNGroup_Script">
    <skipped/>
  </testcase> <!-- searchOperatr -->
  <testcase name="searchOperatr" time="0.000" classname="Scripts.UserNGroup_Script">
    <skipped/>
  </testcase> <!-- searchOperatr -->
  <testcase name="searchOperatr" time="0.000" classname="Scripts.UserNGroup_Script">
    <skipped/>
  </testcase> <!-- searchOperatr -->
  <testcase name="searchOperatr" time="0.000" classname="Scripts.UserNGroup_Script">
    <skipped/>
  </testcase> <!-- searchOperatr -->
  <testcase name="homeLink" time="0.000" classname="Scripts.UserNGroup_Script">
    <skipped/>
  </testcase> <!-- homeLink -->
</testsuite> <!-- Scripts.UserNGroup_Script -->
